"../../../TimeAttack/Content/Audio/RealisticRender_MusicDay02.uasset" 0
"../../../TimeAttack/Content/Geometry/Meshes/CubeMaterial.uasset" 1
"../../../TimeAttack/Content/Geometry/Meshes/1M_Cube.uasset" 2
"../../../TimeAttack/Content/Geometry/Meshes/1M_Cube_Chamfer.uasset" 3
"../../../TimeAttack/Content/Geometry/Meshes/TemplateFloor.uasset" 4
"../../../TimeAttack/Content/StarterContent/Materials/M_Basic_Wall.uasset" 5
"../../../TimeAttack/Content/StarterContent/Architecture/Pillar_50x500.uasset" 6
"../../../TimeAttack/Content/StarterContent/Architecture/Wall_400x300.uasset" 7
"../../../TimeAttack/Content/StarterContent/Architecture/Wall_400x400.uasset" 8
"../../../TimeAttack/Content/StarterContent/Architecture/Wall_500x500.uasset" 9
"../../../TimeAttack/Content/StarterContent/Architecture/Wall_Door_400x400.uasset" 10
"../../../TimeAttack/Content/StarterContent/Architecture/Wall_Window_400x400.uasset" 11
"../../../TimeAttack/Content/StarterContent/Audio/Light01_Cue.uasset" 12
"../../../TimeAttack/Content/StarterContent/Audio/Light02_Cue.uasset" 13
"../../../TimeAttack/Content/StarterContent/Audio/Explosion_Cue.uasset" 14
"../../../TimeAttack/Content/StarterContent/Textures/T_Burst_M.uasset" 15
"../../../TimeAttack/Content/StarterContent/Particles/Materials/M_Burst.uasset" 16
"../../../TimeAttack/Content/StarterContent/Textures/T_Explosion_SubUV.uasset" 17
"../../../TimeAttack/Content/StarterContent/Particles/Materials/M_explosion_subUV.uasset" 18
"../../../TimeAttack/Content/StarterContent/Particles/Materials/m_flare_01.uasset" 19
"../../../Engine/Content/Functions/Engine_MaterialFunctions01/Gradient/RadialGradient.uasset" 20
"../../../TimeAttack/Content/StarterContent/Particles/Materials/M_radial_ramp.uasset" 21
"../../../TimeAttack/Content/StarterContent/Textures/T_Smoke_SubUV.uasset" 22
"../../../TimeAttack/Content/StarterContent/Textures/T_Smoke_Tiled_D.uasset" 23
"../../../TimeAttack/Content/StarterContent/Particles/Materials/M_smoke_subUV.uasset" 24
"../../../TimeAttack/Content/StarterContent/Particles/P_Explosion.uasset" 25
"../../../TimeAttack/Content/StarterContent/Blueprints/Blueprint_Effect_Explosion.uasset" 26
"../../../Engine/Content/EditorMeshes/ColorCalibrator/T_ColorGrid.uasset" 27
"../../../TimeAttack/Content/StarterContent/Materials/M_ColorGrid_LowSpec.uasset" 28
"../../../TimeAttack/Content/StarterContent/Textures/T_Bush_D.uasset" 29
"../../../TimeAttack/Content/StarterContent/Textures/T_Bush_N.uasset" 30
"../../../TimeAttack/Content/StarterContent/Props/Materials/M_Bush.uasset" 31
"../../../TimeAttack/Content/StarterContent/Props/SM_Bush.uasset" 32
"../../../TimeAttack/Content/StarterContent/Textures/T_Chair_M.uasset" 33
"../../../TimeAttack/Content/StarterContent/Textures/T_Chair_N.uasset" 34
"../../../TimeAttack/Content/StarterContent/Props/Materials/M_Chair.uasset" 35
"../../../TimeAttack/Content/StarterContent/Props/SM_Couch.uasset" 36
"../../../TimeAttack/Content/StarterContent/Materials/M_Glass.uasset" 37
"../../../TimeAttack/Content/StarterContent/Textures/T_Door_M.uasset" 38
"../../../TimeAttack/Content/StarterContent/Textures/T_Door_N.uasset" 39
"../../../TimeAttack/Content/StarterContent/Props/Materials/M_Door.uasset" 40
"../../../TimeAttack/Content/StarterContent/Props/SM_Door.uasset" 41
"../../../TimeAttack/Content/StarterContent/Props/Materials/M_MaterialSphere.uasset" 42
"../../../TimeAttack/Content/StarterContent/Props/Materials/M_MaterialSphere_Plain.uasset" 43
"../../../TimeAttack/Content/StarterContent/Props/SM_MatPreviewMesh_02.uasset" 44
"../../../Engine/Content/Functions/Engine_MaterialFunctions02/Utility/BlendAngleCorrectedNormals.uasset" 45
"../../../TimeAttack/Content/StarterContent/Textures/T_Detail_Rocky_N.uasset" 46
"../../../TimeAttack/Content/StarterContent/Textures/T_Rock_Basalt_D.uasset" 47
"../../../TimeAttack/Content/StarterContent/Textures/T_RockMesh_M.uasset" 48
"../../../TimeAttack/Content/StarterContent/Textures/T_RockMesh_N.uasset" 49
"../../../TimeAttack/Content/StarterContent/Props/Materials/M_Rock.uasset" 50
"../../../TimeAttack/Content/StarterContent/Props/SM_Rock.uasset" 51
"../../../TimeAttack/Content/StarterContent/Textures/T_Shelf_M.uasset" 52
"../../../TimeAttack/Content/StarterContent/Textures/T_Shelf_N.uasset" 53
"../../../TimeAttack/Content/StarterContent/Props/Materials/M_Shelf.uasset" 54
"../../../TimeAttack/Content/StarterContent/Props/SM_Shelf.uasset" 55
"../../../TimeAttack/Content/StarterContent/Materials/M_Basic_Floor.uasset" 56
"../../../TimeAttack/Content/StarterContent/Props/SM_Stairs.uasset" 57
"../../../TimeAttack/Content/StarterContent/Shapes/Shape_Cone.uasset" 58
"../../../TimeAttack/Content/StarterContent/Shapes/Shape_Cylinder.uasset" 59
"../../../TimeAttack/Content/StarterContent/Shapes/Shape_NarrowCapsule.uasset" 60
"../../../TimeAttack/Content/StarterContent/Shapes/Shape_Pipe.uasset" 61
"../../../TimeAttack/Content/StarterContent/Shapes/Shape_Pipe_180.uasset" 62
"../../../TimeAttack/Content/StarterContent/Shapes/Shape_Pipe_90.uasset" 63
"../../../TimeAttack/Content/StarterContent/Shapes/Shape_Plane.uasset" 64
"../../../TimeAttack/Content/StarterContent/Shapes/Shape_Torus.uasset" 65
"../../../TimeAttack/Content/StarterContent/Shapes/Shape_Trim.uasset" 66
"../../../TimeAttack/Content/StarterContent/Shapes/Shape_Trim_90_In.uasset" 67
"../../../TimeAttack/Content/StarterContent/Shapes/Shape_Trim_90_Out.uasset" 68
"../../../TimeAttack/Content/StarterContent/Shapes/Shape_TriPyramid.uasset" 69
"../../../TimeAttack/Content/StarterContent/Shapes/Shape_Tube.uasset" 70
"../../../TimeAttack/Content/StarterContent/Shapes/Shape_Wedge_A.uasset" 71
"../../../TimeAttack/Content/StarterContent/Shapes/Shape_Wedge_B.uasset" 72
"../../../TimeAttack/Content/StarterContent/Shapes/Shape_WideCapsule.uasset" 73
"../../../TimeAttack/Content/VehicleAdv/ArenaMesh/CubeMaterial.uasset" 74
"../../../Engine/Content/EngineMaterials/Grid.uasset" 75
"../../../TimeAttack/Content/VehicleAdv/Materials/MasterGrid.uasset" 76
"../../../TimeAttack/Content/VehicleAdv/Materials/MaterialInstances/RedGrid.uasset" 77
"../../../TimeAttack/Content/VehicleAdv/ArenaMesh/pole.uasset" 78
"../../../TimeAttack/Content/VehicleAdv/Materials/MasterSolidColor.uasset" 79
"../../../TimeAttack/Content/VehicleAdv/Materials/MaterialInstances/SolidOrange.uasset" 80
"../../../TimeAttack/Content/VehicleAdv/ArenaMesh/RampTwist.uasset" 81
"../../../Engine/Content/Functions/Engine_MaterialFunctions01/Opacity/CameraDepthFade.uasset" 82
"../../../Engine/Content/EngineMaterials/T_Default_Material_Grid_M.uasset" 83
"../../../Engine/Content/EngineMaterials/T_Default_Material_Grid_N.uasset" 84
"../../../Engine/Content/EngineMaterials/WorldGridMaterial.uasset" 85
"../../../TimeAttack/Content/VehicleAdv/ArenaMesh/RoadSegment_01.uasset" 86
"../../../TimeAttack/Content/VehicleAdv/Sound/Engine_Speed_02_Loop.uasset" 87
"../../../TimeAttack/Content/VehicleAdv/Sound/Engine_Speed_04_Loop.uasset" 88
"../../../TimeAttack/Content/VehicleAdv/Sound/Engine_Speed_06_Loop.uasset" 89
"../../../TimeAttack/Content/VehicleAdv/Textures/VehicleJoystick_BackgroundL.uasset" 90
"../../../TimeAttack/Content/VehicleAdv/Textures/VehicleJoystick_BackgroundR.uasset" 91
"../../../Engine/Content/MobileResources/HUD/VirtualJoystick_Background.uasset" 92
"../../../Engine/Content/MobileResources/HUD/VirtualJoystick_Thumb.uasset" 93
"../../../TimeAttack/Content/VehicleAdv/Vehicle/LeftVirtualJoystickOnly.uasset" 94
"../../../TimeAttack/Content/VehicleAdv/Vehicle/VehicleBodyCollision.uasset" 95
"../../../Engine/Content/EditorBlueprintResources/StandardMacros.uasset" 96
"../../../TimeAttack/Content/Blueprints/TimeConversion.uasset" 97
"../../../TimeAttack/Content/Blueprints/MySaveGame.uasset" 98
"../../../TimeAttack/Content/VehicleAdv/Vehicle/VehicleSkeleton.uasset" 99
"../../../TimeAttack/Content/VehicleAdv/Vehicle/VehicleAnimationBlueprint.uasset" 100
"../../../Engine/Content/EngineFonts/RobotoDistanceField.uasset" 101
"../../../TimeAttack/Content/VehicleAdvBP/Blueprints/VehicleAdvHud.uasset" 102
"../../../TimeAttack/Content/VehicleAdv/PhysicsMaterials/NonSlippery.uasset" 103
"../../../TimeAttack/Content/VehicleAdv/PhysicsMaterials/Slippery.uasset" 104
"../../../TimeAttack/Content/VehicleAdv/Vehicle/WheelData/Vehicle_BackTireConfig.uasset" 105
"../../../TimeAttack/Content/VehicleAdvBP/Blueprints/WheelData/WheelBack.uasset" 106
"../../../TimeAttack/Content/VehicleAdv/Vehicle/WheelData/Vehicle_FrontTireConfig.uasset" 107
"../../../TimeAttack/Content/VehicleAdvBP/Blueprints/WheelData/WheelFront.uasset" 108
"../../../Engine/Content/Functions/Engine_MaterialFunctions03/Procedurals/ComputeFilterWidth.uasset" 109
"../../../Engine/Content/EngineMaterials/AntiAliasedTextMaterialTranslucent.uasset" 110
"../../../TimeAttack/Content/VehicleAdv/Sound/Engine_att.uasset" 111
"../../../TimeAttack/Content/VehicleAdv/Sound/Engine_Loop_Cue.uasset" 112
"../../../TimeAttack/Content/VehicleAdv/Materials/Fixed_Template_Master.uasset" 113
"../../../TimeAttack/Content/VehicleAdv/Materials/MaterialInstances/Template_BaseBlue.uasset" 114
"../../../TimeAttack/Content/VehicleAdv/Vehicle/VehiclePhysicsAsset.uasset" 115
"../../../TimeAttack/Content/VehicleAdv/Vehicle/Vehicle_SkelMesh.uasset" 116
"../../../TimeAttack/Content/VehicleAdvBP/Blueprints/VehicleBlueprint.uasset" 117
"../../../TimeAttack/Content/Blueprints/UI/HUD.uasset" 118
"../../../TimeAttack/Content/Blueprints/MyPlayerController.uasset" 119
"../../../TimeAttack/Content/VehicleAdvBP/Blueprints/VehicleAdvGameMode.uasset" 120
"../../../TimeAttack/Content/VehicleAdvBP/Maps/VehicleAdvExampleMap_BuiltData.uasset" 121
"../../../Engine/Content/EngineMaterials/DefaultMaterial.uasset" 122
"../../../Engine/Content/BasicShapes/Cone.uasset" 123
"../../../Engine/Content/BasicShapes/Cube.uasset" 124
"../../../Engine/Content/BasicShapes/Cylinder.uasset" 125
"../../../Engine/Content/BasicShapes/Plane.uasset" 126
"../../../Engine/Content/BasicShapes/Sphere.uasset" 127
"../../../Engine/Content/EditorLandscapeResources/DataLayer.uasset" 128
"../../../Engine/Content/EditorMaterials/GizmoMaterial.uasset" 129
"../../../Engine/Content/EditorMaterials/MAT_Groups_Toggle.uasset" 130
"../../../Engine/Content/EditorMaterials/MAT_Groups_Visibility.uasset" 131
"../../../Engine/Content/EditorMaterials/PreviewShadowIndicator.uasset" 132
"../../../Engine/Content/EditorMaterials/PreviewShadowIndicatorMaterial.uasset" 133
"../../../Engine/Content/EditorMaterials/MatineeGroups/MAT_ColorTrack.uasset" 134
"../../../Engine/Content/EditorMaterials/MatineeGroups/MAT_Groups_Anim.uasset" 135
"../../../Engine/Content/EditorMaterials/MatineeGroups/MAT_Groups_AudioMaster.uasset" 136
"../../../Engine/Content/EditorMaterials/MatineeGroups/MAT_Groups_Director.uasset" 137
"../../../Engine/Content/EditorMaterials/MatineeGroups/MAT_Groups_Event.uasset" 138
"../../../Engine/Content/EditorMaterials/MatineeGroups/MAT_Groups_Fade.uasset" 139
"../../../Engine/Content/EditorMaterials/MatineeGroups/MAT_Groups_Float.uasset" 140
"../../../Engine/Content/EditorMaterials/MatineeGroups/MAT_Groups_Move.uasset" 141
"../../../Engine/Content/EditorMaterials/MatineeGroups/MAT_Groups_Slomo.uasset" 142
"../../../Engine/Content/EditorMaterials/MatineeGroups/MAT_Groups_Sound.uasset" 143
"../../../Engine/Content/EditorMaterials/MatineeGroups/MAT_Groups_Vector.uasset" 144
"../../../Engine/Content/EditorMaterials/ParticleSystems/PSysThumbnail_NoImage.uasset" 145
"../../../Engine/Content/EditorMaterials/ParticleSystems/PSysThumbnail_OOD.uasset" 146
"../../../Engine/Content/EditorMaterials/Camera/CineMat.uasset" 147
"../../../Engine/Content/EditorMaterials/Camera/MI_CineMat_Rig.uasset" 148
"../../../Engine/Content/EditorMeshes/Camera/SM_CraneRig_Arm.uasset" 149
"../../../Engine/Content/EditorMeshes/Camera/SM_CraneRig_Base.uasset" 150
"../../../Engine/Content/EditorMeshes/Camera/SM_CraneRig_Body.uasset" 151
"../../../Engine/Content/EditorMeshes/Camera/SM_CraneRig_Mount.uasset" 152
"../../../Engine/Content/EditorMeshes/Camera/SM_RailRig_Mount.uasset" 153
"../../../Engine/Content/EditorMeshes/Camera/SM_RailRig_Track.uasset" 154
"../../../Engine/Content/EditorResources/BSPVertex.uasset" 155
"../../../Engine/Content/EditorResources/EmptyActor.uasset" 156
"../../../Engine/Content/EditorResources/S_Actor.uasset" 157
"../../../Engine/Content/EditorResources/S_Trigger.uasset" 158
"../../../Engine/Content/EditorResources/AudioIcons/S_AudioComponent.uasset" 159
"../../../Engine/Content/EditorResources/AudioIcons/S_AudioComponent_AutoActivate.uasset" 160
"../../../Engine/Content/EditorResources/LightIcons/S_LightError.uasset" 161
"../../../Engine/Content/EditorResources/SequenceRecorder/Countdown.uasset" 162
"../../../Engine/Content/EditorResources/SequenceRecorder/RecordingIndicator.uasset" 163
"../../../Engine/Content/EditorSounds/Notifications/CompileFailed.uasset" 164
"../../../Engine/Content/EditorSounds/Notifications/CompileFailed_Cue.uasset" 165
"../../../Engine/Content/EditorSounds/Notifications/CompileSuccess.uasset" 166
"../../../Engine/Content/EditorSounds/Notifications/CompileStart_Cue.uasset" 167
"../../../Engine/Content/EditorSounds/Notifications/CompileSuccess_Cue.uasset" 168
"../../../Engine/Content/EngineDamageTypes/DmgTypeBP_Environmental.uasset" 169
"../../../Engine/Content/EngineDebugMaterials/HeatmapGradient.uasset" 170
"../../../Engine/Content/EngineDebugMaterials/BoneWeightMaterial.uasset" 171
"../../../Engine/Content/EngineDebugMaterials/ClothMaterial.uasset" 172
"../../../Engine/Content/EngineDebugMaterials/ClothMaterial_WF.uasset" 173
"../../../Engine/Content/EngineDebugMaterials/DebugEditorMaterial.uasset" 174
"../../../Engine/Content/EngineDebugMaterials/DebugMeshMaterial.uasset" 175
"../../../Engine/Content/EngineDebugMaterials/GeomMaterial.uasset" 176
"../../../Engine/Content/EngineFonts/Faces/RobotoBold.uasset" 177
"../../../Engine/Content/EngineFonts/Faces/RobotoBoldItalic.uasset" 178
"../../../Engine/Content/EngineFonts/Faces/RobotoItalic.uasset" 179
"../../../Engine/Content/EngineFonts/Faces/RobotoLight.uasset" 180
"../../../Engine/Content/EngineFonts/Faces/RobotoRegular.uasset" 181
"../../../Engine/Content/EngineFonts/Roboto.uasset" 182
"../../../Engine/Content/EngineFonts/Faces/RobotoTiny.uasset" 183
"../../../Engine/Content/EngineFonts/RobotoTiny.uasset" 184
"../../../Engine/Content/EngineMaterials/DefaultBloomKernel.uasset" 185
"../../../Engine/Content/EngineMaterials/DefaultBokeh.uasset" 186
"../../../Engine/Content/EngineMaterials/DefaultDiffuse.uasset" 187
"../../../Engine/Content/EngineMaterials/DefaultDeferredDecalMaterial.uasset" 188
"../../../Engine/Content/EngineMaterials/DefaultLightFunctionMaterial.uasset" 189
"../../../Engine/Content/EngineMaterials/DefaultPhysicalMaterial.uasset" 190
"../../../Engine/Content/Functions/Engine_MaterialFunctions02/Utility/BreakOutFloat2Components.uasset" 191
"../../../Engine/Content/EngineMaterials/DefaultPostProcessMaterial.uasset" 192
"../../../Engine/Content/EngineMaterials/DefaultTextMaterialOpaque.uasset" 193
"../../../Engine/Content/EngineMaterials/DefaultWhiteGrid.uasset" 194
"../../../Engine/Content/EngineMaterials/EditorBrushMaterial.uasset" 195
"../../../Engine/Content/EngineMaterials/Good64x64TilingNoiseHighFreq.uasset" 196
"../../../Engine/Content/EngineMaterials/MiniFont.uasset" 197
"../../../Engine/Content/EngineMaterials/InvalidLightmapSettings.uasset" 198
"../../../Engine/Content/EngineMaterials/M_InvalidLightmapSettings.uasset" 199
"../../../Engine/Content/Functions/Engine_MaterialFunctions02/WorldPositionOffset/CameraOffset.uasset" 200
"../../../Engine/Content/EngineMaterials/PhAT_JointLimitMaterial.uasset" 201
"../../../Engine/Content/EngineMaterials/PreintegratedSkinBRDF.uasset" 202
"../../../Engine/Content/EngineMaterials/RemoveSurfaceMaterial.uasset" 203
"../../../Engine/Content/EngineMaterials/WeightMapPlaceholderTexture.uasset" 204
"../../../Engine/Content/EngineResources/WhiteSquareTexture.uasset" 205
"../../../Engine/Content/EngineMaterials/Widget3DPassThrough.uasset" 206
"../../../Engine/Content/EngineMaterials/Widget3DPassThrough_Masked.uasset" 207
"../../../Engine/Content/EngineMaterials/Widget3DPassThrough_Opaque.uasset" 208
"../../../Engine/Content/EngineMaterials/Widget3DPassThrough_Masked_OneSided.uasset" 209
"../../../Engine/Content/EngineMaterials/Widget3DPassThrough_Opaque_OneSided.uasset" 210
"../../../Engine/Content/EngineMaterials/Widget3DPassThrough_Translucent.uasset" 211
"../../../Engine/Content/EngineMaterials/Widget3DPassThrough_Translucent_OneSided.uasset" 212
"../../../Engine/Content/EngineMeshes/Cube.uasset" 213
"../../../Engine/Content/EngineMeshes/Cylinder.uasset" 214
"../../../Engine/Content/EngineMeshes/Sphere.uasset" 215
"../../../Engine/Content/EngineResources/Black.uasset" 216
"../../../Engine/Content/EngineResources/DefaultTexture.uasset" 217
"../../../Engine/Content/EngineResources/DefaultTextureCube.uasset" 218
"../../../Engine/Content/EngineResources/GradientTexture0.uasset" 219
"../../../Engine/Content/EngineSounds/Master.uasset" 220
"../../../Engine/Content/Functions/Engine_MaterialFunctions01/Shading/ConvertFromDiffSpec.uasset" 221
"../../../Engine/Content/Functions/Engine_MaterialFunctions01/Shading/PowerToRoughness.uasset" 222
"../../../Engine/Content/Maps/Templates/Thumbnails/Default.uasset" 223
"../../../Engine/Content/Maps/Templates/Thumbnails/VR-Basic.uasset" 224
"../../../Engine/Content/MobileResources/T_MobileControls_texture.uasset" 225
"../../../Engine/Content/MobileResources/T_MobileMenu2.uasset" 226
"../../../Engine/Content/MobileResources/HUD/AnalogHat.uasset" 227
"../../../Engine/Content/MobileResources/HUD/DefaultVirtualJoysticks.uasset" 228
"../../../Engine/Content/MobileResources/HUD/LeftVirtualJoystickOnly.uasset" 229
"../../../Engine/Content/MobileResources/HUD/MobileHUDButton1_off.uasset" 230
"../../../Engine/Content/MobileResources/HUD/MobileHUDButton1_on.uasset" 231
"../../../Engine/Content/MobileResources/HUD/MobileHUDButton2_off.uasset" 232
"../../../Engine/Content/MobileResources/HUD/MobileHUDButton2_on.uasset" 233
"../../../Engine/Content/MobileResources/HUD/MobileHUDButton3.uasset" 234
"../../../Engine/Content/MobileResources/HUD/MobileHUDButtonFire.uasset" 235
"../../../Engine/Content/MobileResources/HUD/MobileHUDDirectionPad.uasset" 236
"../../../Engine/Content/MobileResources/HUD/MobileHUDDirectionPad2.uasset" 237
"../../../Engine/Content/MobileResources/HUD/MobileHUDDirectionPad3.uasset" 238
"../../../Engine/Content/MobileResources/HUD/MobileHUDDirectionStick.uasset" 239
"../../../Engine/Content/MobileResources/HUD/T_Castle_ThumbstickInner.uasset" 240
"../../../Engine/Content/MobileResources/HUD/T_Castle_ThumbstickOutter.uasset" 241
"../../../Engine/Content/Tutorial/ContentIntroCurve.uasset" 242
"../../../Engine/Content/Tutorial/Basics/TutorialAssets/icon_tab_Levels_40x.uasset" 243
"../../../Engine/Content/Tutorial/BlueprintTutorials/TutorialAssets/BlueprintInterface_64x.uasset" 244
"../../../Engine/Content/Tutorial/BlueprintTutorials/TutorialAssets/BlueprintMacroLibrary_64x.uasset" 245
"../../../Engine/Content/Tutorial/BlueprintTutorials/TutorialAssets/Blueprint_64x.uasset" 246
"../../../Engine/Content/Tutorial/BlueprintTutorials/TutorialAssets/Tutorial_BP_Interface.uasset" 247
"../../../Engine/Content/Tutorial/Foliage/TutorialAssets/Foliage.uasset" 248
"../../../Engine/Content/Tutorial/Landscape/TutorialAssets/Landscape.uasset" 249
"../../../Engine/Content/Tutorial/Paper2D/TutorialAssets/Paper2DFlipbook_TutorialIcon.uasset" 250
"../../../Engine/Content/Tutorial/Paper2D/TutorialAssets/Paper2DSprite_TutorialIcon.uasset" 251
"../../../Engine/Content/Tutorial/SubEditors/TutorialAssets/icon_Editor_Preferences_General_40x.uasset" 252
"../../../Engine/Content/Tutorial/SubEditors/TutorialAssets/icon_ShowSkeletalMeshes_40x.uasset" 253
"../../../Engine/Content/Tutorial/SubEditors/TutorialAssets/TutorialMaterial.uasset" 254
"../../../Engine/Content/Tutorial/SubEditors/TutorialAssets/T_SmokeSubUV_8X8.uasset" 255
"../../../Engine/Content/Tutorial/SubEditors/TutorialAssets/T_soft_smoke.uasset" 256
"../../../Engine/Content/Tutorial/SubEditors/TutorialAssets/M_smoke_subUV_blackbody.uasset" 257
"../../../Engine/Content/Tutorial/SubEditors/TutorialAssets/TutorialParticleSystem.uasset" 258
"../../../Engine/Content/VREditor/Devices/Generic/GenericHMDMaterial.uasset" 259
"../../../Engine/Content/VREditor/Devices/Generic/GenericHMD.uasset" 260
"../../../Engine/Content/VREditor/FloatingText/LineMaterial.uasset" 261
"../../../Engine/Content/VREditor/FloatingText/JointSphere.uasset" 262
"../../../Engine/Content/VREditor/FloatingText/LineSegmentCylinder.uasset" 263
"../../../Engine/Content/VREditor/Fonts/VRText_RobotoLarge.uasset" 264
"../../../Engine/Content/VREditor/Fonts/VRTextMaterial.uasset" 265
"../../../Engine/Content/VREditor/Fonts/TranslucentVRTextMaterial.uasset" 266
"../../../Engine/Content/VREditor/LaserPointer/CursorPointer.uasset" 267
"../../../Engine/Content/VREditor/LaserPointer/VR_LaserPower_01.uasset" 268
"../../../Engine/Content/VREditor/TransformGizmo/TransformGizmoMaterial.uasset" 269
"../../../Engine/Content/VREditor/LaserPointer/HoverMaterial.uasset" 270
"../../../Engine/Content/VREditor/TransformGizmo/TranslucentTransformGizmoMaterial.uasset" 271
"../../../Engine/Content/VREditor/LaserPointer/TranslucentHoverMaterial.uasset" 272
"../../../Engine/Content/VREditor/LaserPointer/HoverMesh.uasset" 273
"../../../Engine/Content/VREditor/LaserPointer/LaserPointerMaterial.uasset" 274
"../../../Engine/Content/VREditor/LaserPointer/LaserPointerMaterialInst.uasset" 275
"../../../Engine/Content/VREditor/LaserPointer/TranslucentLaserPointerMaterialInst.uasset" 276
"../../../Engine/Content/VREditor/LaserPointer/LaserPointerMesh.uasset" 277
"../../../Engine/Content/VREditor/LaserPointer/LaserPointerMesh_End.uasset" 278
"../../../Engine/Content/VREditor/LaserPointer/LaserPointerMesh_Start.uasset" 279
"../../../Engine/Content/Functions/Engine_MaterialFunctions02/Utility/BreakOutFloat3Components.uasset" 280
"../../../Engine/Content/Functions/Engine_MaterialFunctions02/Math/Transform3x3Matrix.uasset" 281
"../../../Engine/Content/Functions/Engine_MaterialFunctions02/SplitComponents.uasset" 282
"../../../Engine/Content/Functions/Engine_MaterialFunctions02/Utility/MakeFloat3.uasset" 283
"../../../Engine/Content/VREditor/SnapGrid/SnapGridMaterial.uasset" 284
"../../../Engine/Content/VREditor/SnapGrid/SnapGridPlaneMesh.uasset" 285
"../../../Engine/Content/VREditor/Sounds/VR_teleport.uasset" 286
"../../../Engine/Content/VREditor/Sounds/UI/Click_on_Button_Cue.uasset" 287
"../../../Engine/Content/VREditor/Sounds/UI/Dockable_Window_Close.uasset" 288
"../../../Engine/Content/VREditor/Sounds/UI/Dockable_Window_Drop.uasset" 289
"../../../Engine/Content/VREditor/Sounds/UI/Dockable_Window_Open.uasset" 290
"../../../Engine/Content/VREditor/Sounds/UI/Dockable_Window_Pick_Up.uasset" 291
"../../../Engine/Content/VREditor/Sounds/UI/Drop_Item_From_ContentBrowser.uasset" 292
"../../../Engine/Content/VREditor/Sounds/UI/Floating_UI_Open-001.uasset" 293
"../../../Engine/Content/VREditor/Sounds/UI/Gizmo_Handle_Clicked.uasset" 294
"../../../Engine/Content/VREditor/Sounds/UI/Object_PickUp.uasset" 295
"../../../Engine/Content/VREditor/Sounds/UI/Object_Snaps_To_Another_Actor.uasset" 296
"../../../Engine/Content/VREditor/Sounds/UI/Object_Snaps_To_Grid.uasset" 297
"../../../Engine/Content/VREditor/Sounds/UI/Radial_Menu_FadeOut.uasset" 298
"../../../Engine/Content/VREditor/Sounds/UI/Scaling_Down.uasset" 299
"../../../Engine/Content/VREditor/Sounds/UI/Scaling_Up.uasset" 300
"../../../Engine/Content/VREditor/Sounds/UI/Selection_Changes.uasset" 301
"../../../Engine/Content/VREditor/Sounds/UI/Teleport_Mode_Entered.uasset" 302
"../../../Engine/Content/VREditor/Teleport/TeleportDirectionMaterial.uasset" 303
"../../../Engine/Content/VREditor/Teleport/TeleportDirectionMaterial_Inst.uasset" 304
"../../../Engine/Content/VREditor/Teleport/TeleportDirectionMesh.uasset" 305
"../../../Engine/Content/VREditor/TransformGizmo/BoundingBoxCorner.uasset" 306
"../../../Engine/Content/VREditor/TransformGizmo/BoundingBoxEdge.uasset" 307
"../../../Engine/Content/VREditor/TransformGizmo/PlaneTranslationHandle.uasset" 308
"../../../Engine/Content/VREditor/TransformGizmo/RotationHandleFull.uasset" 309
"../../../Engine/Content/VREditor/TransformGizmo/RotationHandleIndicator.uasset" 310
"../../../Engine/Content/VREditor/TransformGizmo/RotationHandleQuarter.uasset" 311
"../../../Engine/Content/VREditor/TransformGizmo/Main.uasset" 312
"../../../Engine/Content/VREditor/TransformGizmo/Xray.uasset" 313
"../../../Engine/Content/VREditor/TransformGizmo/SM_Dialog_Close.uasset" 314
"../../../Engine/Content/VREditor/TransformGizmo/SM_Dialog_Move.uasset" 315
"../../../Engine/Content/VREditor/TransformGizmo/SM_Sequencer_Key.uasset" 316
"../../../Engine/Content/VREditor/TransformGizmo/SM_Sequencer_Node.uasset" 317
"../../../Engine/Content/VREditor/TransformGizmo/StartRotationHandleIndicator.uasset" 318
"../../../Engine/Content/VREditor/TransformGizmo/TranslucentTransformGizmoMaterial_Inst.uasset" 319
"../../../Engine/Content/VREditor/TransformGizmo/TransformGizmoFreeRotation.uasset" 320
"../../../Engine/Content/VREditor/TransformGizmo/TransformGizmoMaterial_Inst.uasset" 321
"../../../Engine/Content/VREditor/TransformGizmo/TranslateArrowHandle.uasset" 322
"../../../Engine/Content/VREditor/TransformGizmo/UniformScaleHandle.uasset" 323
"../../../Engine/Content/VREditor/UI/KeyDiskMaterial.uasset" 324
"../../../Engine/Content/VREditor/UI/DiscMaterial.uasset" 325
"../../../Engine/Content/VREditor/UI/SM_Radial_Disk.uasset" 326
"../../../Engine/Content/VREditor/WorldMovementGrid/SimpleGrid.uasset" 327
"../../../Engine/Content/VREditor/WorldMovementGrid/GridMaterial.uasset" 328
"../../../Engine/Content/Functions/Engine_MaterialFunctions01/Density/ExponentialDensity.uasset" 329
"../../../Engine/Content/VREditor/WorldMovementGrid/GridPostProcess.uasset" 330
"../../../Engine/Content/EditorLandscapeResources/FlattenHeightMat.uasset" 331
"../../../Engine/Content/VREditor/WorldMovementGrid/PlaneMesh.uasset" 332
"../../../Engine/Plugins/2D/Paper2D/Content/PlaceholderTextures/DummySpriteTexture.uasset" 333
"../../../Engine/Plugins/2D/Paper2D/Content/DummySprite.uasset" 334
"../../../Engine/Plugins/2D/Paper2D/Content/DefaultPaperTerrainMaterial.uasset" 335
"../../../Engine/Plugins/2D/Paper2D/Content/DefaultSpriteMaterial.uasset" 336
"../../../Engine/Plugins/2D/Paper2D/Content/MaskedUnlitSpriteMaterial.uasset" 337
"../../../Engine/Plugins/2D/Paper2D/Content/OpaqueUnlitSpriteMaterial.uasset" 338
"../../../Engine/Plugins/Media/MediaCompositing/Content/DefaultMediaPlaneMaterial.uasset" 339
"../../../Engine/Content/Functions/Engine_MaterialFunctions02/Utility/MakeFloat4.uasset" 340
"../../../Engine/Plugins/Runtime/AppleARKit/Content/ARKitCameraMaterial.uasset" 341
"../../../Engine/Plugins/Runtime/Oculus/OculusVR/Content/Textures/GearVRController_AO.uasset" 342
"../../../Engine/Plugins/Runtime/Oculus/OculusVR/Content/Textures/GearVRController_Color.uasset" 343
"../../../Engine/Plugins/Runtime/Oculus/OculusVR/Content/Textures/GearVRController_Normal.uasset" 344
"../../../Engine/Plugins/Runtime/Oculus/OculusVR/Content/Materials/GearVRControllerMaterial.uasset" 345
"../../../Engine/Plugins/Runtime/Oculus/OculusVR/Content/Meshes/GearVrController.uasset" 346
"../../../TimeAttack/Content/StarterContent/Blueprints/Assets/FogBrightnessLUT.uasset" 347
"../../../TimeAttack/Content/StarterContent/Blueprints/Assets/SunlightColorLUT.uasset" 348
"../../../TimeAttack/Content/StarterContent/Blueprints/Assets/M_LightStage_Arrows.uasset" 349
"../../../Engine/Content/MapTemplates/Sky/DaylightAmbientCubemap.uasset" 350
"../../../TimeAttack/Content/StarterContent/Blueprints/Assets/M_LightStage_Skybox_Master.uasset" 351
"../../../TimeAttack/Content/StarterContent/Blueprints/Assets/M_LightStage_Skybox_Black.uasset" 352
"../../../TimeAttack/Content/StarterContent/Blueprints/Assets/M_LightStage_Skybox_HDRI.uasset" 353
"../../../Engine/Content/EditorMaterials/Thumbnails/SkySphereMaterial.uasset" 354
"../../../TimeAttack/Content/StarterContent/Blueprints/Assets/Skybox.uasset" 355
"../../../TimeAttack/Content/StarterContent/Blueprints/Assets/SM_Arrows.uasset" 356
"../../../TimeAttack/Content/StarterContent/HDRI/HDRI_Epic_Courtyard_Daylight.uasset" 357
"../../../TimeAttack/Content/StarterContent/Blueprints/BP_LightStudio.uasset" 358
"../../../TimeAttack/Content/StarterContent/Maps/Advanced_Lighting_BuiltData.uasset" 359
"../../../TimeAttack/Content/StarterContent/Materials/M_AssetPlatform.uasset" 360
"../../../Engine/Content/EditorMeshes/ColorCalibrator/M_ChromeBall.uasset" 361
"../../../Engine/Content/EditorMeshes/ColorCalibrator/M_ClearCoat.uasset" 362
"../../../Engine/Content/EditorMeshes/ColorCalibrator/M_ClearCoatBlack.uasset" 363
"../../../Engine/Content/EditorMeshes/ColorCalibrator/Color_checker.uasset" 364
"../../../Engine/Content/EditorMeshes/ColorCalibrator/M_ColorGrid.uasset" 365
"../../../Engine/Content/EditorMeshes/ColorCalibrator/M_GreyBall.uasset" 366
"../../../Engine/Content/EditorMeshes/ColorCalibrator/SM_ColorCalibrator.uasset" 367
"../../../TimeAttack/Content/StarterContent/Architecture/SM_AssetPlatform.uasset" 368
"../../../TimeAttack/Content/StarterContent/Maps/Advanced_Lighting.umap" 369
"../../../Engine/Content/EngineSky/C_Sky_Cloud_Color.uasset" 370
"../../../Engine/Content/EngineSky/C_Sky_Horizon_Color.uasset" 371
"../../../Engine/Content/EngineSky/C_Sky_Zenith_Color.uasset" 372
"../../../Engine/Content/EngineSky/T_Sky_Blue.uasset" 373
"../../../Engine/Content/EngineSky/T_Sky_Clouds_M.uasset" 374
"../../../Engine/Content/EngineSky/T_Sky_Stars.uasset" 375
"../../../Engine/Content/EngineSky/M_Sky_Panning_Clouds2.uasset" 376
"../../../Engine/Content/EngineSky/SM_SkySphere.uasset" 377
"../../../Engine/Content/EngineSky/BP_Sky_Sphere.uasset" 378
"../../../TimeAttack/Content/StarterContent/Maps/Minimal_Default_BuiltData.uasset" 379
"../../../TimeAttack/Content/StarterContent/Textures/T_MacroVariation.uasset" 380
"../../../TimeAttack/Content/StarterContent/Materials/M_Metal_Brushed_Nickel.uasset" 381
"../../../TimeAttack/Content/StarterContent/Textures/T_Metal_Aluminum_D.uasset" 382
"../../../TimeAttack/Content/StarterContent/Textures/T_Metal_Gold_N.uasset" 383
"../../../TimeAttack/Content/StarterContent/Materials/M_Metal_Burnished_Steel.uasset" 384
"../../../TimeAttack/Content/StarterContent/Textures/T_Metal_Copper_D.uasset" 385
"../../../TimeAttack/Content/StarterContent/Materials/M_Metal_Copper.uasset" 386
"../../../TimeAttack/Content/StarterContent/Textures/T_Statue_M.uasset" 387
"../../../TimeAttack/Content/StarterContent/Textures/T_Statue_N.uasset" 388
"../../../TimeAttack/Content/StarterContent/Props/Materials/M_StatueGlass.uasset" 389
"../../../TimeAttack/Content/StarterContent/Architecture/Floor_400x400.uasset" 390
"../../../TimeAttack/Content/StarterContent/Audio/Starter_Background_Cue.uasset" 391
"../../../TimeAttack/Content/StarterContent/Props/SM_Chair.uasset" 392
"../../../TimeAttack/Content/StarterContent/Props/Materials/M_Statue.uasset" 393
"../../../TimeAttack/Content/StarterContent/Props/SM_Statue.uasset" 394
"../../../TimeAttack/Content/StarterContent/Textures/T_TableRound_M.uasset" 395
"../../../TimeAttack/Content/StarterContent/Textures/T_TableRound_N.uasset" 396
"../../../TimeAttack/Content/StarterContent/Props/Materials/M_TableRound.uasset" 397
"../../../TimeAttack/Content/StarterContent/Props/SM_TableRound.uasset" 398
"../../../TimeAttack/Content/StarterContent/Maps/Minimal_Default.umap" 399
"../../../TimeAttack/Content/StarterContent/Audio/Fire01_Cue.uasset" 400
"../../../TimeAttack/Content/StarterContent/Textures/T_Fire_SubUV.uasset" 401
"../../../TimeAttack/Content/StarterContent/Textures/T_Fire_Tiled_D.uasset" 402
"../../../TimeAttack/Content/StarterContent/Particles/Materials/M_Fire_SubUV.uasset" 403
"../../../TimeAttack/Content/StarterContent/Textures/T_Water_N.uasset" 404
"../../../TimeAttack/Content/StarterContent/Particles/Materials/M_Heat_Distortion.uasset" 405
"../../../TimeAttack/Content/StarterContent/Particles/Materials/M_Radial_Gradient.uasset" 406
"../../../TimeAttack/Content/StarterContent/Particles/P_Fire.uasset" 407
"../../../TimeAttack/Content/StarterContent/Blueprints/Blueprint_Effect_Fire.uasset" 408
"../../../TimeAttack/Content/StarterContent/Audio/Smoke01_Cue.uasset" 409
"../../../TimeAttack/Content/StarterContent/Particles/P_Smoke.uasset" 410
"../../../TimeAttack/Content/StarterContent/Blueprints/Blueprint_Effect_Smoke.uasset" 411
"../../../TimeAttack/Content/StarterContent/Audio/Fire_Sparks01_Cue.uasset" 412
"../../../TimeAttack/Content/StarterContent/Textures/T_Spark_Core.uasset" 413
"../../../TimeAttack/Content/StarterContent/Particles/Materials/M_Spark.uasset" 414
"../../../TimeAttack/Content/StarterContent/Particles/P_Sparks.uasset" 415
"../../../TimeAttack/Content/StarterContent/Blueprints/Blueprint_Effect_Sparks.uasset" 416
"../../../TimeAttack/Content/StarterContent/Audio/Steam01_Cue.uasset" 417
"../../../TimeAttack/Content/StarterContent/Particles/P_Steam_Lit.uasset" 418
"../../../TimeAttack/Content/StarterContent/Blueprints/Blueprint_Effect_Steam.uasset" 419
"../../../TimeAttack/Content/StarterContent/Textures/T_Lamp_M.uasset" 420
"../../../TimeAttack/Content/StarterContent/Textures/T_Lamp_N.uasset" 421
"../../../TimeAttack/Content/StarterContent/Props/Materials/M_Lamp.uasset" 422
"../../../TimeAttack/Content/StarterContent/Props/SM_Lamp_Ceiling.uasset" 423
"../../../TimeAttack/Content/StarterContent/Blueprints/Blueprint_CeilingLight.uasset" 424
"../../../TimeAttack/Content/StarterContent/Props/SM_Lamp_Wall.uasset" 425
"../../../TimeAttack/Content/StarterContent/Blueprints/Blueprint_WallSconce.uasset" 426
"../../../TimeAttack/Content/StarterContent/Maps/StarterMap_BuiltData.uasset" 427
"../../../TimeAttack/Content/StarterContent/Textures/T_Brick_Clay_Beveled_D.uasset" 428
"../../../TimeAttack/Content/StarterContent/Textures/T_Brick_Clay_Beveled_M.uasset" 429
"../../../TimeAttack/Content/StarterContent/Textures/T_Brick_Clay_Beveled_N.uasset" 430
"../../../TimeAttack/Content/StarterContent/Materials/M_Brick_Clay_Beveled.uasset" 431
"../../../TimeAttack/Content/StarterContent/Textures/T_Brick_Clay_New_D.uasset" 432
"../../../TimeAttack/Content/StarterContent/Textures/T_Brick_Clay_New_M.uasset" 433
"../../../TimeAttack/Content/StarterContent/Textures/T_Brick_Clay_New_N.uasset" 434
"../../../TimeAttack/Content/StarterContent/Materials/M_Brick_Clay_New.uasset" 435
"../../../TimeAttack/Content/StarterContent/Textures/T_Brick_Clay_Old_D.uasset" 436
"../../../TimeAttack/Content/StarterContent/Textures/T_Brick_Clay_Old_N.uasset" 437
"../../../TimeAttack/Content/StarterContent/Textures/T_Perlin_Noise_M.uasset" 438
"../../../TimeAttack/Content/StarterContent/Materials/M_Brick_Clay_Old.uasset" 439
"../../../TimeAttack/Content/StarterContent/Textures/T_Brick_Cut_Stone_D.uasset" 440
"../../../TimeAttack/Content/StarterContent/Textures/T_Brick_Cut_Stone_N.uasset" 441
"../../../TimeAttack/Content/StarterContent/Materials/M_Brick_Cut_Stone.uasset" 442
"../../../TimeAttack/Content/StarterContent/Textures/T_Brick_Hewn_Stone_D.uasset" 443
"../../../TimeAttack/Content/StarterContent/Textures/T_Brick_Hewn_Stone_M.uasset" 444
"../../../TimeAttack/Content/StarterContent/Textures/T_Brick_Hewn_Stone_N.uasset" 445
"../../../TimeAttack/Content/StarterContent/Materials/M_Brick_Hewn_Stone.uasset" 446
"../../../TimeAttack/Content/StarterContent/Textures/T_Ceramic_Tile_M.uasset" 447
"../../../TimeAttack/Content/StarterContent/Textures/T_Ceramic_Tile_N.uasset" 448
"../../../TimeAttack/Content/StarterContent/Textures/T_Rock_Marble_Polished_D.uasset" 449
"../../../TimeAttack/Content/StarterContent/Materials/M_Ceramic_Tile_Checker.uasset" 450
"../../../TimeAttack/Content/StarterContent/Textures/T_CobbleStone_Pebble_D.uasset" 451
"../../../TimeAttack/Content/StarterContent/Textures/T_CobbleStone_Pebble_M.uasset" 452
"../../../TimeAttack/Content/StarterContent/Textures/T_CobbleStone_Pebble_N.uasset" 453
"../../../TimeAttack/Content/StarterContent/Materials/M_CobbleStone_Pebble.uasset" 454
"../../../TimeAttack/Content/StarterContent/Textures/T_CobbleStone_Rough_D.uasset" 455
"../../../TimeAttack/Content/StarterContent/Textures/T_CobbleStone_Rough_N.uasset" 456
"../../../TimeAttack/Content/StarterContent/Textures/T_Gradinet_01.uasset" 457
"../../../TimeAttack/Content/StarterContent/Textures/T_Rock_Smooth_Granite_D.uasset" 458
"../../../TimeAttack/Content/StarterContent/Materials/M_CobbleStone_Rough.uasset" 459
"../../../TimeAttack/Content/StarterContent/Textures/T_CobbleStone_Smooth_D.uasset" 460
"../../../TimeAttack/Content/StarterContent/Textures/T_CobbleStone_Smooth_M.uasset" 461
"../../../TimeAttack/Content/StarterContent/Textures/T_CobbleStone_Smooth_N.uasset" 462
"../../../TimeAttack/Content/StarterContent/Materials/M_CobbleStone_Smooth.uasset" 463
"../../../TimeAttack/Content/StarterContent/Textures/T_Concrete_Grime_D.uasset" 464
"../../../TimeAttack/Content/StarterContent/Textures/T_Metal_Rust_N.uasset" 465
"../../../TimeAttack/Content/StarterContent/Materials/M_Concrete_Grime.uasset" 466
"../../../TimeAttack/Content/StarterContent/Textures/T_Concrete_Panels_D.uasset" 467
"../../../TimeAttack/Content/StarterContent/Textures/T_Concrete_Panels_N.uasset" 468
"../../../TimeAttack/Content/StarterContent/Materials/M_Concrete_Panels.uasset" 469
"../../../TimeAttack/Content/StarterContent/Textures/T_Concrete_Poured_D.uasset" 470
"../../../TimeAttack/Content/StarterContent/Textures/T_Concrete_Poured_N.uasset" 471
"../../../TimeAttack/Content/StarterContent/Materials/M_Concrete_Poured.uasset" 472
"../../../TimeAttack/Content/StarterContent/Textures/T_Concrete_Tiles_D.uasset" 473
"../../../TimeAttack/Content/StarterContent/Textures/T_Concrete_Tiles_M.uasset" 474
"../../../TimeAttack/Content/StarterContent/Textures/T_Concrete_Tiles_N.uasset" 475
"../../../TimeAttack/Content/StarterContent/Textures/T_Concrete_Tiles_Variation_M.uasset" 476
"../../../TimeAttack/Content/StarterContent/Materials/M_Concrete_Tiles.uasset" 477
"../../../TimeAttack/Content/StarterContent/Textures/T_Ground_Grass_D.uasset" 478
"../../../TimeAttack/Content/StarterContent/Textures/T_Ground_Grass_N.uasset" 479
"../../../TimeAttack/Content/StarterContent/Materials/M_Ground_Grass.uasset" 480
"../../../TimeAttack/Content/StarterContent/Textures/T_Ground_Gravel_D.uasset" 481
"../../../TimeAttack/Content/StarterContent/Textures/T_Ground_Gravel_N.uasset" 482
"../../../TimeAttack/Content/StarterContent/Materials/M_Ground_Gravel.uasset" 483
"../../../TimeAttack/Content/StarterContent/Textures/T_ground_Moss_D.uasset" 484
"../../../TimeAttack/Content/StarterContent/Textures/T_Ground_Moss_N.uasset" 485
"../../../TimeAttack/Content/StarterContent/Materials/M_Ground_Moss.uasset" 486
"../../../TimeAttack/Content/StarterContent/Materials/M_Metal_Chrome.uasset" 487
"../../../TimeAttack/Content/StarterContent/Textures/T_Metal_Gold_D.uasset" 488
"../../../TimeAttack/Content/StarterContent/Materials/M_Metal_Gold.uasset" 489
"../../../TimeAttack/Content/StarterContent/Textures/T_Metal_Rust_D.uasset" 490
"../../../TimeAttack/Content/StarterContent/Materials/M_Metal_Rust.uasset" 491
"../../../TimeAttack/Content/StarterContent/Textures/T_Metal_Steel_D.uasset" 492
"../../../TimeAttack/Content/StarterContent/Textures/T_Metal_Steel_N.uasset" 493
"../../../TimeAttack/Content/StarterContent/Materials/M_Metal_Steel.uasset" 494
"../../../TimeAttack/Content/StarterContent/Textures/T_Rock_Basalt_N.uasset" 495
"../../../TimeAttack/Content/StarterContent/Materials/M_Rock_Basalt.uasset" 496
"../../../TimeAttack/Content/StarterContent/Materials/M_Rock_Marble_Polished.uasset" 497
"../../../TimeAttack/Content/StarterContent/Textures/T_Rock_Sandstone_D.uasset" 498
"../../../TimeAttack/Content/StarterContent/Textures/T_Rock_Sandstone_N.uasset" 499
"../../../TimeAttack/Content/StarterContent/Materials/M_Rock_Sandstone.uasset" 500
"../../../TimeAttack/Content/StarterContent/Textures/T_Rock_Slate_D.uasset" 501
"../../../TimeAttack/Content/StarterContent/Textures/T_Rock_Slate_N.uasset" 502
"../../../TimeAttack/Content/StarterContent/Materials/M_Rock_Slate.uasset" 503
"../../../TimeAttack/Content/StarterContent/Textures/T_Checker_Noise_M.uasset" 504
"../../../TimeAttack/Content/StarterContent/Textures/T_Single_Tile_N.uasset" 505
"../../../TimeAttack/Content/StarterContent/Textures/T_Tech_Dot_M.uasset" 506
"../../../TimeAttack/Content/StarterContent/Textures/T_Tech_Dot_N.uasset" 507
"../../../TimeAttack/Content/StarterContent/Materials/M_Tech_Checker_Dot.uasset" 508
"../../../TimeAttack/Content/StarterContent/Textures/T_Tech_Hex_Tile_M.uasset" 509
"../../../TimeAttack/Content/StarterContent/Textures/T_Tech_Hex_Tile_N.uasset" 510
"../../../TimeAttack/Content/StarterContent/Materials/M_Tech_Hex_Tile.uasset" 511
"../../../TimeAttack/Content/StarterContent/Materials/M_Tech_Hex_Tile_Pulse.uasset" 512
"../../../TimeAttack/Content/StarterContent/Textures/T_Tech_Panel_M.uasset" 513
"../../../TimeAttack/Content/StarterContent/Textures/T_Tech_Panel_N.uasset" 514
"../../../TimeAttack/Content/StarterContent/Materials/M_Tech_Panel.uasset" 515
"../../../TimeAttack/Content/StarterContent/Materials/M_Water_Lake.uasset" 516
"../../../TimeAttack/Content/StarterContent/Textures/T_Water_M.uasset" 517
"../../../TimeAttack/Content/StarterContent/Materials/M_Water_Ocean.uasset" 518
"../../../TimeAttack/Content/StarterContent/Textures/T_Wood_Floor_Walnut_D.uasset" 519
"../../../TimeAttack/Content/StarterContent/Textures/T_Wood_Floor_Walnut_M.uasset" 520
"../../../TimeAttack/Content/StarterContent/Textures/T_Wood_Floor_Walnut_N.uasset" 521
"../../../TimeAttack/Content/StarterContent/Materials/M_Wood_Floor_Walnut_Polished.uasset" 522
"../../../Engine/Content/Functions/Engine_MaterialFunctions01/Opacity/AlphaOffset.uasset" 523
"../../../TimeAttack/Content/StarterContent/Materials/M_Wood_Floor_Walnut_Worn.uasset" 524
"../../../TimeAttack/Content/StarterContent/Textures/T_Wood_Oak_D.uasset" 525
"../../../TimeAttack/Content/StarterContent/Textures/T_Wood_Oak_N.uasset" 526
"../../../TimeAttack/Content/StarterContent/Materials/M_Wood_Oak.uasset" 527
"../../../TimeAttack/Content/StarterContent/Textures/T_Wood_Pine_D.uasset" 528
"../../../TimeAttack/Content/StarterContent/Textures/T_Wood_Pine_N.uasset" 529
"../../../TimeAttack/Content/StarterContent/Materials/M_Wood_Pine.uasset" 530
"../../../TimeAttack/Content/StarterContent/Textures/T_Wood_Walnut_D.uasset" 531
"../../../TimeAttack/Content/StarterContent/Textures/T_Wood_Walnut_N.uasset" 532
"../../../TimeAttack/Content/StarterContent/Materials/M_Wood_Walnut.uasset" 533
"../../../TimeAttack/Content/StarterContent/Architecture/Wall_400x200.uasset" 534
"../../../TimeAttack/Content/StarterContent/Architecture/Wall_Door_400x300.uasset" 535
"../../../TimeAttack/Content/StarterContent/Architecture/Wall_Window_400x300.uasset" 536
"../../../TimeAttack/Content/StarterContent/Audio/Collapse_Cue.uasset" 537
"../../../TimeAttack/Content/StarterContent/Audio/Starter_Music_Cue.uasset" 538
"../../../TimeAttack/Content/StarterContent/Textures/T_Dust_Particle_D.uasset" 539
"../../../TimeAttack/Content/StarterContent/Particles/Materials/M_Dust_Particle.uasset" 540
"../../../TimeAttack/Content/StarterContent/Particles/P_Ambient_Dust.uasset" 541
"../../../TimeAttack/Content/StarterContent/Props/MaterialSphere.uasset" 542
"../../../TimeAttack/Content/StarterContent/Textures/T_Frame_M.uasset" 543
"../../../TimeAttack/Content/StarterContent/Textures/T_Frame_N.uasset" 544
"../../../TimeAttack/Content/StarterContent/Props/Materials/M_Frame.uasset" 545
"../../../TimeAttack/Content/StarterContent/Props/SM_CornerFrame.uasset" 546
"../../../TimeAttack/Content/StarterContent/Props/SM_DoorFrame.uasset" 547
"../../../TimeAttack/Content/StarterContent/Props/SM_GlassWindow.uasset" 548
"../../../TimeAttack/Content/StarterContent/Props/SM_PillarFrame.uasset" 549
"../../../TimeAttack/Content/StarterContent/Props/SM_PillarFrame300.uasset" 550
"../../../TimeAttack/Content/StarterContent/Props/SM_WindowFrame.uasset" 551
"../../../TimeAttack/Content/StarterContent/Shapes/Shape_Cube.uasset" 552
"../../../TimeAttack/Content/StarterContent/Shapes/Shape_QuadPyramid.uasset" 553
"../../../TimeAttack/Content/StarterContent/Shapes/Shape_Sphere.uasset" 554
"../../../TimeAttack/Content/StarterContent/Maps/StarterMap.umap" 555
"../../../TimeAttack/Content/StarterContent/Particles/P_FireRing.uasset" 556
"../../../TimeAttack/Content/Blueprints/Checkpoint.uasset" 557
"../../../TimeAttack/Content/Blueprints/Tracker.uasset" 558
"../../../TimeAttack/Content/VehicleAdvBP/Maps/LayerInfo/Desert_LayerInfo.uasset" 559
"../../../TimeAttack/Content/VehicleAdvBP/Maps/LayerInfo/Track_LayerInfo.uasset" 560
"../../../TimeAttack/Content/VehicleAdv/Materials/Landscape.uasset" 561
"../../../TimeAttack/Content/VehicleAdv/Materials/MaterialInstances/LandscapeNoHole.uasset" 562
"../../../TimeAttack/Content/Audio/Blueprints_TextPop03.uasset" 563
"../../../TimeAttack/Content/Audio/GetLucky.uasset" 564
"../../../TimeAttack/Content/VehicleAdv/ArenaMesh/BumpWave.uasset" 565
"../../../TimeAttack/Content/VehicleAdv/ArenaMesh/BumpWaveSmall.uasset" 566
"../../../TimeAttack/Content/VehicleAdv/ArenaMesh/BumpWedge.uasset" 567
"../../../TimeAttack/Content/VehicleAdv/ArenaMesh/LoopBig.uasset" 568
"../../../TimeAttack/Content/VehicleAdv/ArenaMesh/LoopSmall.uasset" 569
"../../../TimeAttack/Content/VehicleAdv/ArenaMesh/RampLarge.uasset" 570
"../../../TimeAttack/Content/VehicleAdv/Materials/MaterialInstances/BlackGrid.uasset" 571
"../../../TimeAttack/Content/VehicleAdv/ArenaMesh/StraightFull.uasset" 572
"../../../TimeAttack/Content/VehicleAdv/ArenaMesh/StraightHalf.uasset" 573
"../../../TimeAttack/Content/VehicleAdv/ArenaMesh/StraightQuarter.uasset" 574
"../../../TimeAttack/Content/VehicleAdv/Materials/MaterialInstances/SolidRed.uasset" 575
"../../../TimeAttack/Content/VehicleAdv/ArenaMesh/turn_22andhalf.uasset" 576
"../../../TimeAttack/Content/VehicleAdv/ArenaMesh/Turn_45.uasset" 577
"../../../TimeAttack/Content/VehicleAdv/ArenaMesh/Turn_90.uasset" 578
"../../../TimeAttack/Content/VehicleAdv/ArenaMesh/Turn_90Large.uasset" 579
"../../../TimeAttack/Content/VehicleAdvBP/Maps/LooptyLoop.umap" 580
"../../../TimeAttack/Content/VehicleAdvBP/Maps/MountainMadness_BuiltData.uasset" 581
"../../../TimeAttack/Content/VehicleAdvBP/Maps/MountainMadness.umap" 582
"../../../TimeAttack/Content/VehicleAdvBP/Maps/VehicleAdvExampleMap.umap" 583
"../../../Engine/Content/Maps/Entry.umap" 584
